RFID/assetId:(物品名称 型号 价格 所在仓库 入库时间 外借许可 外界电话 状态 标志)
1:(small 2 1 2015-06-24 y 1441742572752 in 丢失)
RFID/assetId:(物品名称 型号 价格 所在仓库 入库时间 外借许可 外界电话 状态 标志)
43465665482453478819:(small 23333 2 2015-07-09 y 1823334455 in 丢失)
43465679782453478819:(small 200 1 2015-02-25 y 18233098876 out 丢失)
43465679782455470000:(nike 260 1 2015-05-10 y  in 丢失)
43465679782455470001:(small 119 1 2015-01-10 y  in 丢失)
43465679782455470111:(nike 260 1 2015-05-10 y  in 丢失)
43465679782455478809:(small 100 1 2015-06-03 y 18233098876 out 丢失)
43465679782455478810:(small 3000 2 2014-12-30 y 18233098876 out 丢失)
43465679782455478811:(small 200 1 2015-02-25 y 18233098876 out 丢失)
43465679782455478812:(small 200 1 2015-02-25 y 18233098876 out 丢失)
43465679782455478813:(small 200 1 2015-02-25 y 18233098876 out 丢失)
43465679782455478820:(APOINT 50 1 2015-02-09 y  in 丢失)
43465679782455478823:(nike 260 1 2015-05-10 y 18233098876 out 丢失)
43465679782455478825:(lining 260 1 2015-05-10 y 18233098876 out 丢失)
43465679782455478826:(sporting 260 1 2015-05-10 y 18233098876 out 丢失)
43465679782455478827:(sporting 260 1 2015-05-10 y 18233098876 out 丢失)
43465679782455478834:(small 300 1 2015-05-01 y 18233098876 out 丢失)
43465679782455478870:(big 29000 2 2015-06-29 n 18233098876 out 丢失)
43465679782455478871:(small 30 1 2015-06-09 y 18233098876 out 丢失)
43465679782455478879:(small 10 1 2015-06-20 y 18233098876 out 丢失)
845943695726975948:(small 20000 2 2015-07-13 y 12331312123 in 丢失)
E20034120122KJ000090D1A21B01:(THJDME-1 25544 2 2015-07-09 y 18233099934 in 丢失)
E20034120122KJ000090D1A21B02:(THJDME-1 25544 2 2015-07-09 y 18233099934 in 丢失)
E20034120122KJ000090D1A21B03:(THJDME-1 25544 2 2015-07-09 y  in 丢失)
E20034120122KJ000090D1A21B04:(THJDME-1 25541.1 2 2015-07-09 y  in 丢失)
E20034120122KJ000090D1A21B13:(THJDME-1 25544 2 2015-02-09 y  in 丢失)
E20034120122SD000023KNI32A01:(QX-IHIM 192000 3 2015-05-01 y 18633654458 out 丢失)
E20034120122SD000023KNI32A02:(QX-IHIM 192000 3 2015-05-01 y  in 丢失)
E20034120122SD000023KNI32A03:(QX-IHIM 192000 3 2015-05-01 y  in 丢失)
E20034120122SD000023KNI32A04:(NLE-PTS14-P 158000 3 2015-05-01 y 18633519884 out 丢失)
E20034120122SD000023KNI32A05:(NLE-PTS14-P 158000 3 2015-05-01 y  in 丢失)
E20034120122SD000023KNI32A06:(NLE-PTS14-P 158000 3 2015-05-01 y  in 丢失)
E20034120122SD000023KNI32A07:(NLE-PTS14-P 158000 3 2015-05-01 y  in 丢失)
E20034120122SK000090D1A21B09:(THJUME-1 30000 3 2015-07-03 n 11111111111 in 丢失)
E20034120122SK000090D1A21B10:(THJUME-1 30000 3 2015-07-03 y 18233099934 out 丢失)
E20034120122SK000090D1A21B11:(THJUME-1 30000 3 2015-07-03 y 18233099934 out 丢失)
E20034120122SK000090D1A21B12:(THJUME-1 30000 3 2015-07-03 y  in 丢失)
E20034120122SK000090D1A21B13:(THJUME-1 30000 3 2015-07-03 y  in 丢失)
E2003412012EFD000090D1AC1B11:(YB1731A3A 530 1 2015-07-14 y  in 丢失)
E2003412012EFD000090D1AC1B12:(YB1731A3A 530 1 2015-07-14 y  in 丢失)
E2003412012EFD000090D1AC1B13:(YB1731A3A 530 1 2015-07-01 y  in 丢失)
E2003412012EFD000090D1AC1B14:(YB1731A3A 530 1 2015-07-14 y  in 丢失)
E2003412012EFD000090D1AC1B15:(YB1731A3A 530 1 2015-07-14 y  in 丢失)
E2003412012EFD000090D1AC1B16:(YB1731A3A 530 1 2015-07-14 y  in 丢失)
E20034120135FD000090D1A41B11:(YB4811 2900 1 2015-07-09 y  in 丢失)
E20034120137FD000090D1B11B12:(JDQ-02 5895 2 2015-02-01 y  in 丢失)
E20034120137FD000090D1B11B13:(JDQ-02 5895 2 2015-01-23 y  in 丢失)
E20034120137FD000090D1B11B14:(JDQ-02 5895 2 2015-03-29 y  in 丢失)
E20034120137FD000090D1B11B15:(JDQ-02 5895 2 2015-01-29 y  in 丢失)
E20034120137FD000090D1B11B16:(JDQ-02 5895 2 2015-01-29 y  in 丢失)
E20034120137FD000090D1B11B17:(JDQ-02 5895 2 2015-01-29 y  in 丢失)
E20034120137FD000090D1B11B18:(JDQ-02 5895 2 2015-01-29 y  in 丢失)
E20034120137FD000090D1B11B19:(JDQ-02 5895 2 2015-06-29 y 18233099934 out 丢失)
E2003412013DFD000090D1B41B18:(YB3116A 2000 1 2015-06-03 y  in 丢失)
E2003412013DFD000090D1B41B19:(YB3116A 2000 1 2015-07-01 y  in 丢失)
E2003412013DFD000090D1B41B20:(YB3116A 2000 1 2015-07-01 y  in 丢失)
E2003412013DFD000090D1B41B21:(YB3116A 2000 1 2015-07-01 y  in 丢失)
E2003412013DFD000090D1B41B22:(YB3116A 2000 1 2015-07-01 y  in 丢失)
E2003412013DFD000090D1B41B23:(JDQ-03 2000 1 2015-05-01 y  in 丢失)
E2003412013DFD000090D1B41B24:(JDQ-04 2000 2 2015-07-01 y  in 丢失)
E2003412013DFD000090D1B41B25:(JDQ-03 2000 1 2015-07-01 y  in 丢失)
E2003412013DFD000090D1B41B26:(JDQ-05 2000 2 2015-07-01 y  in 丢失)
E2003412013DFD000090D1B41B27:(JDQ-06 2000 1 2015-07-01 y  in 丢失)
E2003412013DFD000090D1B41B28:(YB3116B 5899 2 2015-07-01 y  in 丢失)
E2003412013DFD000090D1B41B29:(YB3126A 5899 2 2015-07-01 y  in 丢失)
E2003412013DFD000090D1B41B30:(YB3116B 5899 1 2015-07-01 y  in 丢失)
E2003412013DFD000090D1B41B31:(YB3116C 5899 1 2015-07-01 y  in 丢失)
E2003412013DFD000090D1B41B32:(YB3126A 5899 2 2015-07-01 y  in 丢失)
E2003412013DFD000090D1B41B33:(YB3116D 5899 1 2015-07-01 y  in 丢失)
E2003412013DFD000090D1B41B34:(YB1731A3B 600 2 2015-07-01 y  in 丢失)
E2003412013DFD000090D1B41B35:(YB1731A3C 600 2 2015-07-01 y  in 丢失)
E2003412013DFD000090D1B41B36:(YB1731A3D 600 1 2015-01-01 y  in 丢失)
E2003412013DFD000090D1B41B37:(YB1731A3E 600 1 2015-07-01 y  in 丢失)
E2003412013DFD000090D1B41B38:(YB1731A3F 600 2 2015-07-01 y  in 丢失)
E2003412013DFD000090D1B41B39:(YB1731A3G 600 1 2015-07-01 y  in 丢失)
E2003412013DFD000090D1B41B40:(THJUME-2 20000 2 2015-07-01 y  in 丢失)
E2003412013FFF00006737C3040B:(small 122 1 2015-07-13 y 18233099934 out 丢失)
