RFID/assetId:(物品名称 型号 价格 所在仓库 入库时间 外借许可 外界电话 状态 标志)
E20034120122KJ000090D1A21B01:(THJDME1 25544 2 2015-07-09 y 11111111111 in 丢失)
E20034120122KJ000090D1A21B02:(THJDME1 25544 2 2015-07-09 y  in 丢失)
E20034120122KJ000090D1A21B03:(THJDME1 25544 2 2015-07-09 y  in 丢失)
E20034120122SD000023KNI32A01:(QXIHIM 192000 3 2015-05-01 y 18633654458 out 丢失)
E20034120122SD000023KNI32A02:(QXIHIM 192000 3 2015-05-01 y  in 丢失)
E20034120122SD000023KNI32A03:(QXIHIM 192000 3 2015-05-01 y  in 丢失)
E20034120122SD000023KNI32A04:(NLEPTS14P 158000 3 2015-05-01 y 18633519884 out 丢失)
E20034120122SD000023KNI32A05:(NLEPTS14P 158000 3 2015-05-01 y  in 丢失)
E20034120122SD000023KNI32A06:(NLEPTS14P 158000 3 2015-05-01 y  in 丢失)
E20034120122SD000023KNI32A07:(NLEPTS14P 158000 3 2015-05-01 y  in 丢失)
E20034120122SK000090D1A21B09:(THJUME1 30000 3 2015-07-03 n 11111111111 in 丢失)
E20034120122SK000090D1A21B10:(THJUME1 30000 3 2015-07-03 y  in 丢失)
E20034120122SK000090D1A21B11:(THJUME1 30000 3 2015-07-03 y  in 丢失)
E20034120122SK000090D1A21B12:(THJUME1 30000 3 2015-07-03 y  in 丢失)
E20034120122SK000090D1A21B13:(THJUME1 30000 3 2015-07-03 y  in 丢失)
E2003412012EFD000090D1AC1B11:(YB1731A3A 530 1 2015-07-14 y  in 丢失)
E2003412012EFD000090D1AC1B12:(YB1731A3A 530 1 2015-07-14 y  in 丢失)
E2003412012EFD000090D1AC1B13:(YB1731A3A 530 1 2015-07-01 y  in 丢失)
E2003412012EFD000090D1AC1B14:(YB1731A3A 530 1 2015-07-14 y  in 丢失)
E2003412012EFD000090D1AC1B15:(YB1731A3A 530 1 2015-07-14 y  in 丢失)
E2003412012EFD000090D1AC1B16:(YB1731A3A 530 1 2015-07-14 y  in 丢失)
E20034120135FD000090D1A41B11:(YB4811 2900 1 2015-07-09 y  in 丢失)
E20034120137FD000090D1B11B12:(JDQ02 5895 2 2015-06-29 y  in 丢失)
E20034120137FD000090D1B11B13:(JDQ02 5895 2 2015-06-29 y  in 丢失)
E20034120137FD000090D1B11B14:(JDQ02 5895 2 2015-06-29 y  in 丢失)
E20034120137FD000090D1B11B15:(JDQ02 5895 2 2015-06-29 y  in 丢失)
E20034120137FD000090D1B11B16:(JDQ02 5895 2 2015-06-29 y  in 丢失)
E20034120137FD000090D1B11B17:(JDQ02 5895 2 2015-06-29 y  in 丢失)
E20034120137FD000090D1B11B18:(JDQ02 5895 2 2015-06-29 y  in 丢失)
E20034120137FD000090D1B11B19:(JDQ02 5895 2 2015-06-29 y  in 丢失)
E2003412013DFD000090D1B41B18:(YB3116A 2000 1 2015-07-01 y  in 丢失)
E2003412013DFD000090D1B41B19:(YB3116A 2000 1 2015-07-01 y  in 丢失)
E2003412013DFD000090D1B41B20:(YB3116A 2000 1 2015-07-01 y  in 丢失)
E2003412013DFD000090D1B41B21:(YB3116A 2000 1 2015-07-01 y  in 丢失)
E2003412013DFD000090D1B41B22:(YB3116A 2000 1 2015-07-01 y  in 丢失)
E2003412013DFD000090D1B41B23:(JDQ03 2000 1 2015-07-01 y  in 丢失)
E2003412013DFD000090D1B41B24:(JDQ04 2000 2 2015-07-01 y  in 丢失)
E2003412013DFD000090D1B41B25:(JDQ03 2000 1 2015-07-01 y  in 丢失)
E2003412013DFD000090D1B41B26:(JDQ05 2000 2 2015-07-01 y  in 丢失)
E2003412013DFD000090D1B41B27:(JDQ06 2000 1 2015-07-01 y  in 丢失)
E2003412013DFD000090D1B41B28:(YB3116B 5899 2 2015-07-01 y  in 丢失)
E2003412013DFD000090D1B41B29:(YB3126A 5899 2 2015-07-01 y  in 丢失)
E2003412013DFD000090D1B41B30:(YB3116B 5899 1 2015-07-01 y  in 丢失)
E2003412013DFD000090D1B41B31:(YB3116C 5899 1 2015-07-01 y  in 丢失)
E2003412013DFD000090D1B41B32:(YB3126A 5899 2 2015-07-01 y  in 丢失)
E2003412013DFD000090D1B41B33:(YB3116D 5899 1 2015-07-01 y  in 丢失)
E2003412013DFD000090D1B41B34:(YB1731A3B 600 2 2015-07-01 y  in 丢失)
E2003412013DFD000090D1B41B35:(YB1731A3C 600 2 2015-07-01 y  in 丢失)
E2003412013DFD000090D1B41B36:(YB1731A3D 600 1 2015-07-01 y  in 丢失)
E2003412013DFD000090D1B41B37:(YB1731A3E 600 1 2015-07-01 y  in 丢失)
E2003412013DFD000090D1B41B38:(YB1731A3F 600 2 2015-07-01 y  in 丢失)
E2003412013DFD000090D1B41B39:(YB1731A3G 600 1 2015-07-01 y  in 丢失)
E2003412013DFD000090D1B41B40:(THJUME2 20000 2 2015-07-01 y  in 丢失)
e2003412013eff00006727f31420:(zx5525 100 3  y 18811146636 in 新增)
RFID/assetId:(物品名称 型号 价格 所在仓库 入库时间 外借许可 外界电话 状态 标志)
125:(A4 50 2 2015-07-02 y  in 丢失)
220:(HP 802sCH561ZZ 20 2 2015-07-02 y  in 丢失)
221:(晨光 50 2 2015-07-02 y  in 丢失)
222:(B5 10 1 2015-07-02 y  in 丢失)
223:(好用 20 2 2015-07-02 y  in 丢失)
224:(晨光 30 1 2015-07-02 y  in 丢失)
225:(Liske 40 2 2015-07-02 y  in 丢失)
226:(英雄 10 1 2015-07-02 y  in 丢失)
227:(HP 802sCH561AA 20 2 2015-07-02 y  in 丢失)
228:(HP 802sCH561AB 30 1 2015-07-02 y  in 丢失)
229:(HP 802sCH561AC 40 2 2015-07-02 y  in 丢失)
230:(HP 802sCH561AD 10 1 2015-07-02 y  in 丢失)
231:(HP 802sCH561AE 20 2 2015-07-02 y  in 丢失)
232:(HP 802sCH561AA 30 1 2015-07-02 y  in 丢失)
233:(LISN 40 2 2015-07-02 y  in 丢失)
234:(SIAN 10 1 2015-07-02 y  in 丢失)
235:(LINA 20 2 2015-07-02 y  in 丢失)
236:(UHUS 30 1 2015-07-02 y  in 丢失)
237:(NNNK 40 2 2015-07-02 y  in 丢失)
238:(LAIN 10 1 2015-07-02 y  in 丢失)
239:(MLOP 20 2 2015-07-02 y  in 丢失)
240:(QBSU 30 1 2015-07-02 y  in 丢失)
241:(NAKKJ 40 2 2015-07-02 y  in 丢失)
242:(BJKH 10 1 2015-07-02 y  in 丢失)
251:(新大陆 10 2 2015-07-02 y  in 丢失)
440:(Lotus 50 2 2015-07-02 y  in 丢失)
521:(好用 10 2 2015-07-02 y  in 丢失)
554:(农夫山泉 20 2 2015-07-02 y  in 丢失)
888:(中 10 2  y 18811412760 in 新增)
888:(中 10 2  y 18811412760 in 新增)
999:(中 100 2  y 18811412760 in 新增)
999:(中 100 2  y 18811412760 in 新增)
888:(中 10 2  y 18811412760 in 新增)
999:(中 100 2  y 18811412760 in 新增)
888:(中 10 2  y 18811412760 in 新增)
888:(中 10 2  y 18811412760 in 新增)
888:(中 10 2  y 18811412760 in 新增)
999:(中 100 2  y 18811412760 in 新增)
RFID/assetId:(物品名称 型号 价格 所在仓库 入库时间 外借许可 外界电话 状态 标志)
125:(A4 50 2 2015-07-02 y  in 丢失)
220:(HP 802sCH561ZZ 20 2 2015-07-02 y  in 丢失)
221:(晨光 50 2 2015-07-02 y  in 丢失)
222:(B5 10 1 2015-07-02 y  in 丢失)
223:(好用 20 2 2015-07-02 y  in 丢失)
224:(晨光 30 1 2015-07-02 y  in 丢失)
225:(Liske 40 2 2015-07-02 y  in 丢失)
226:(英雄 10 1 2015-07-02 y  in 丢失)
227:(HP 802sCH561AA 20 2 2015-07-02 y  in 丢失)
228:(HP 802sCH561AB 30 1 2015-07-02 y  in 丢失)
229:(HP 802sCH561AC 40 2 2015-07-02 y  in 丢失)
230:(HP 802sCH561AD 10 1 2015-07-02 y  in 丢失)
231:(HP 802sCH561AE 20 2 2015-07-02 y  in 丢失)
232:(HP 802sCH561AA 30 1 2015-07-02 y  in 丢失)
233:(LISN 40 2 2015-07-02 y  in 丢失)
234:(SIAN 10 1 2015-07-02 y  in 丢失)
235:(LINA 20 2 2015-07-02 y  in 丢失)
236:(UHUS 30 1 2015-07-02 y  in 丢失)
237:(NNNK 40 2 2015-07-02 y  in 丢失)
238:(LAIN 10 1 2015-07-02 y  in 丢失)
239:(MLOP 20 2 2015-07-02 y  in 丢失)
240:(QBSU 30 1 2015-07-02 y  in 丢失)
241:(NAKKJ 40 2 2015-07-02 y  in 丢失)
242:(BJKH 10 1 2015-07-02 y  in 丢失)
251:(新大陆 10 2 2015-07-02 y  in 丢失)
440:(Lotus 50 2 2015-07-02 y  in 丢失)
521:(好用 10 2 2015-07-02 y  in 丢失)
554:(农夫山泉 20 2 2015-07-02 y  in 丢失)
