2015/06/26 08:00:46 [info] [borrow.log] 借出号:54 借出人ID:22 借出人姓名:qq 电话123 资产名称 资产ID3000E20000006306019626100F75 借出时间2015-06-26 归还时间2015-06-26
2015/06/29 01:38:16 [info] [borrow.log] 借出号:3 借出人ID:22 借出人姓名:qqq 电话18810541246 资产名称 资产ID3000E2002069831201110880BE38 借出时间2015-06-29 归还时间2015-06-29
2015/06/29 01:38:21 [info] [borrow.log] 借出号:2 借出人ID:22 借出人姓名:qqq 电话18810541245 资产名称 资产ID3000E2001071290901501980461E 借出时间2015-06-29 归还时间2015-06-29
2015/06/29 01:42:00 [info] [borrow.log] 借出号:5 借出人ID:22 借出人姓名:qqq 电话18810543202 资产名称 资产ID3000E2002069831201110880BE38 借出时间2015-06-29 归还时间2015-06-29
2015/06/29 01:42:05 [info] [borrow.log] 借出号:4 借出人ID:22 借出人姓名:qqq 电话18810543202 资产名称 资产ID3000E2001071290901501980461E 借出时间2015-06-29 归还时间2015-06-29
2015/06/29 01:44:43 [info] [borrow.log] 借出号:6 借出人ID:22 借出人姓名:qq 电话18810542532 资产名称bb 资产ID3000E2002069831201110880BE38 借出时间2015-06-29 归还时间2015-06-29
2015/06/29 03:33:13 [info] [borrow.log] 借出号:2 借出人ID:22 借出人姓名:qq 电话:18810544124 资产名称:aa 资产ID:35F93000E2000000630601962610 借出时间:2015-06-29 归还时间:2015-06-29
2015/06/29 03:38:32 [info] [borrow.log] 借出号:3 借出人ID:22 借出人姓名:qq 电话:18810542222 资产名称:aa 资产ID:35F93000E2000000630601962610 借出时间:2015-06-29 归还时间:2015-06-29
2015/06/29 03:43:56 [info] [borrow.log] 借出号:5 借出人ID:22 借出人姓名:qq 电话:123 资产名称:aa 资产ID:35F93000E2000000630601962610 借出时间:2015-06-29 归还时间:2015-06-29
2015/06/29 03:49:50 [info] [borrow.log] 借出号:6 借出人ID:22 借出人姓名:qq 电话:18810542222 资产名称:aa 资产ID:35F93000E2000000630601962610 借出时间:2015-06-29 归还时间:2015-06-29
2015/06/29 03:51:08 [info] [borrow.log] 借出号:7 借出人ID:22 借出人姓名:sss 电话:1881054322 资产名称:aa 资产ID:35F93000E2000000630601962610 借出时间:2015-06-29 归还时间:2015-06-29
2015/06/29 03:52:00 [info] [borrow.log] 借出号:8 借出人ID:22 借出人姓名:qq 电话:18810542211 资产名称:aa 资产ID:35F93000E2000000630601962610 借出时间:2015-06-29 归还时间:2015-06-29
2015/06/29 03:52:35 [info] [borrow.log] 借出号:9 借出人ID:22 借出人姓名:qq 电话:2123 资产名称:aa 资产ID:35F93000E2000000630601962610 借出时间:2015-06-29 归还时间:2015-06-29
2015/06/29 05:33:13 [info] [borrow.log] 借出号:10 借出人ID:22 借出人姓名:qq 电话:1231231231 资产名称:aa 资产ID:35F93000E2000000630601962610 借出时间:2015-06-29 归还时间:2015-06-29
2015/06/29 06:13:10 [info] [borrow.log] 借出号:13 借出人ID:22 借出人姓名:qq 电话:123123123123 资产名称:aa 资产ID:35F93000E2000000630601962610 借出时间:2015-06-29 归还时间:2015-06-29
2015/06/29 06:13:16 [info] [borrow.log] 借出号:12 借出人ID:22 借出人姓名:qq 电话:123123123123 资产名称:aa 资产ID:A4533400E2003028630602092160 借出时间:2015-06-29 归还时间:2015-06-29
2015/06/29 06:16:00 [info] [borrow.log] 借出号:15 借出人ID:22 借出人姓名:qq 电话:18810542222 资产名称:aa 资产ID:35F93000E2000000630601962610 借出时间:2015-06-29 归还时间:2015-06-29
2015/06/29 06:16:05 [info] [borrow.log] 借出号:14 借出人ID:22 借出人姓名:qq 电话:18810542222 资产名称:aa 资产ID:A4533400E2003028630602092160 借出时间:2015-06-29 归还时间:2015-06-29
2015/06/29 06:24:32 [info] [borrow.log] 借出号:18 借出人ID:22 借出人姓名:qq 电话:23123 资产名称:aa 资产ID:A4533400E2003028630602092160 借出时间:2015-06-29 归还时间:2015-06-29
2015/06/29 06:24:37 [info] [borrow.log] 借出号:19 借出人ID:22 借出人姓名:qq 电话:23123 资产名称:aa 资产ID:35F93000E2000000630601962610 借出时间:2015-06-29 归还时间:2015-06-29
2015/06/29 06:29:43 [info] [borrow.log] 借出号:21 借出人ID:12 借出人姓名:r 电话:12333 资产名称:aa 资产ID:A4533400E2003028630602092160 借出时间:2015-06-29 归还时间:2015-06-29
2015/06/29 06:34:47 [info] [borrow.log] 借出号:22 借出人ID:1 借出人姓名:r 电话:12 资产名称:aa 资产ID:A4533400E2003028630602092160 借出时间:2015-06-29 归还时间:2015-06-29
2015/06/29 06:34:51 [info] [borrow.log] 借出号:20 借出人ID:12 借出人姓名:r 电话:12333 资产名称:aa 资产ID:35F93000E2000000630601962610 借出时间:2015-06-29 归还时间:2015-06-29
2015/07/01 01:26:11 [info] [borrow.log] 借出号:24 借出人ID:22 借出人姓名:qq 电话:18810542545 资产名称:abc 资产ID:97F03400E2003028630601642320 借出时间:2015-07-01 归还时间:2015-07-01
2015/07/01 02:15:01 [info] [borrow.log] 借出号:25 借出人ID:22 借出人姓名:qq 电话:18810541254 资产名称:abc 资产ID:97F03400E2003028630601642320 借出时间:2015-07-01 归还时间:2015-07-01
2015/07/01 02:17:00 [info] [borrow.log] 借出号:25 借出人ID:22 借出人姓名:qq 电话:18810541254 资产名称:abc 资产ID:97F03400E2003028630601642320 借出时间:2015-07-01 归还时间:2015-07-01
2015/07/01 02:18:50 [info] [borrow.log] 借出号:25 借出人ID:22 借出人姓名:qq 电话:18810541254 资产名称:abc 资产ID:97F03400E2003028630601642320 借出时间:2015-07-01 归还时间:2015-07-01
2015/07/01 02:21:16 [info] [borrow.log] 借出号:25 借出人ID:22 借出人姓名:qq 电话:18810541254 资产名称:abc 资产ID:97F03400E2003028630601642320 借出时间:2015-07-01 归还时间:2015-07-01
2015/07/01 02:22:30 [info] [borrow.log] 借出号:29 借出人ID:22 借出人姓名:qq 电话:123123 资产名称:abc 资产ID:97F03400E2003028630601642320 借出时间:2015-07-01 归还时间:2015-07-01
2015/07/01 02:23:55 [info] [borrow.log] 借出号:30 借出人ID:22 借出人姓名:qq 电话:123123 资产名称:abc 资产ID:97F03400E2003028630601642320 借出时间:2015-07-01 归还时间:2015-07-01
2015/07/08 06:16:08 [info] [borrow.log] 借出号: 借出人ID: 借出人姓名: 电话: 资产名称: 资产ID: 借出时间: 归还时间:
2015/07/09 09:20:40 [info] [borrow.log] 借出号:29 借出人ID:222 借出人姓名:ass 电话:22222222222 资产名称:1111 资产ID:E2003412013BFsdfds00670F75071F 借出时间:2015-07-09 归还时间:2015-07-09
2015/07/09 09:23:27 [info] [borrow.log] 借出号:30 借出人ID:333 借出人姓名:dss2 电话:22222222222 资产名称:1111 资产ID:E2003412013BFsdfds00670F75071F 借出时间:2015-07-09 归还时间:2015-07-09
2015/07/09 09:34:22 [info] [borrow.log] 借出号:31 借出人ID:111 借出人姓名:aaa 电话:11111111111 资产名称:1111 资产ID:E2003412013BFsdfds00670F75071F 借出时间:2015-07-09 归还时间:2015-07-09
2015/07/09 09:37:11 [info] [borrow.log] 借出号:32 借出人ID:2222 借出人姓名:aaaaa 电话:11111111111 资产名称:1111 资产ID:E2003412013BFsdfds00670F75071F 借出时间:2015-07-09 归还时间:2015-07-09
2015/07/09 09:45:51 [info] [borrow.log] 借出号:33 借出人ID:222 借出人姓名:sss 电话:11111111111 资产名称:1111 资产ID:E2003412013BFsdfds00670F75071F 借出时间:2015-07-09 归还时间:2015-07-09
2015/07/09 09:47:43 [info] [borrow.log] 借出号:34 借出人ID:11 借出人姓名:sss 电话:11111111111 资产名称:1111 资产ID:E2003412013BFsdfds00670F75071F 借出时间:2015-07-09 归还时间:2015-07-09
2015/07/10 01:18:29 [info] [borrow.log] 借出号:35 借出人ID:222 借出人姓名:aaa 电话:11111111111 资产名称:1111 资产ID:E2003412013BFsdfds00670F75071F 借出时间:2015-07-09 归还时间:2015-07-10
2015/07/10 01:20:45 [info] [borrow.log] 借出号:36 借出人ID:222 借出人姓名:sss 电话:11111111111 资产名称:1111 资产ID:E2003412013BFsdfds00670F75071F 借出时间:2015-07-10 归还时间:2015-07-10
2015/07/10 01:35:12 [info] [borrow.log] 借出号:37 借出人ID:111 借出人姓名:sssss 电话:11111111111 资产名称:1111 资产ID:E2003412013BFsdfds00670F75071F 借出时间:2015-07-10 归还时间:2015-07-10
2015/07/10 01:36:24 [info] [borrow.log] 借出号:39 借出人ID:12 借出人姓名:sss 电话:11111111111 资产名称:1111 资产ID:E2003412013BFsdfds00670F75071F 借出时间:2015-07-10 归还时间:2015-07-10
2015/07/13 06:55:58 [info] [borrow.log] 借出号:29 借出人ID:11 借出人姓名:张三 电话:18815421121 资产名称:光机电一体化实训考核装置 资产ID:E20034120122KJ000090D1A21B01 借出时间:2015-07-13 归还时间:2015-07-13
2015/07/15 08:05:21 [info] [borrow.log] 借出号:4 借出人ID:111 借出人姓名:1aa 电话:11111111111 资产名称:jj 资产ID:jjj 借出时间:2015-07-15 归还时间:2015-07-15
2015/07/15 08:20:19 [info] [borrow.log] 借出号:1 借出人ID:2011003893 借出人姓名:小王 电话:18233256648 资产名称:光机电一体化实训考核装置 资产ID:E20034120122KJ000090D1A21B01 借出时间:2015-07-14 归还时间:2015-07-15
2015/07/31 08:26:32 [info] [borrow.log] 借出号: 借出人ID: 借出人姓名: 电话: 资产名称: 资产ID: 借出时间: 归还时间:
2015/07/31 09:09:52 [info] [borrow.log] 借出号:30 借出人ID:111 借出人姓名:11 电话:11111111111 资产名称:光机电一体化实训考核装置 资产ID:E2003412013EFF00006727F31420 借出时间:2015-07-31 归还时间:2015-07-31
2015/07/31 09:10:25 [info] [borrow.log] 借出号:31 借出人ID:231 借出人姓名:11 电话:11111111111 资产名称:光机电一体化实训考核装置 资产ID:E2003412013EFF00006727F31420 借出时间:2015-07-31 归还时间:2015-07-31
2015/07/31 09:28:40 [info] [borrow.log] 借出号:32 借出人ID:2 借出人姓名:2 电话:11111111111 资产名称:光机电一体化实训考核装置 资产ID:E2003412013EFF00006727F31420 借出时间:2015-07-31 归还时间:2015-07-31
